# JRE version: OpenJDK Runtime Environment Temurin-17.0.4+8 (17.0.4+8) (build 17.0.4+8)
# Java VM: OpenJDK 64-Bit Server VM Temurin-17.0.4+8 (17.0.4+8, mixed mode, tiered, compressed oops, compressed class ptrs, parallel gc, windows-amd64)
GC Precious Log:
 CPUs: 4 total, 4 available
 Memory: 4027M
 Large Page Support: Disabled
 NUMA Support: Disabled
 Compressed Oops: Enabled (32-bit)
 Alignments: Space 512K, Generation 512K, Heap 2M
 Heap Min Capacity: 100M
 Heap Initial Capacity: 100M
 Heap Max Capacity: 1G
 Pre-touch: Disabled
 Parallel Workers: 4
Heap:
 PSYoungGen      total 22528K, used 4307K [0x00000000eab00000, 0x00000000ec380000, 0x0000000100000000)
  eden space 20992K, 16% used [0x00000000eab00000,0x00000000eae4e600,0x00000000ebf80000)
  from space 1536K, 60% used [0x00000000ec100000,0x00000000ec1e6680,0x00000000ec280000)
  to   space 1024K, 0% used [0x00000000ec280000,0x00000000ec280000,0x00000000ec380000)
 ParOldGen       total 68608K, used 15474K [0x00000000c0000000, 0x00000000c4300000, 0x00000000eab00000)
  object space 68608K, 22% used [0x00000000c0000000,0x00000000c0f1c8d8,0x00000000c4300000)
 Metaspace       used 38680K, committed 39360K, reserved 1089536K
  class space    used 3909K, committed 4224K, reserved 1048576K
GC Heap History (20 events):
Event: 9.257 GC heap before
{Heap before GC invocations=5 (full 1):
 PSYoungGen      total 29696K, used 4083K [0x00000000eab00000, 0x00000000ecc00000, 0x0000000100000000)
  eden space 25600K, 0% used [0x00000000eab00000,0x00000000eab00000,0x00000000ec400000)
  from space 4096K, 99% used [0x00000000ec800000,0x00000000ecbfcd60,0x00000000ecc00000)
  to   space 4096K, 0% used [0x00000000ec400000,0x00000000ec400000,0x00000000ec800000)
 ParOldGen       total 68608K, used 3375K [0x00000000c0000000, 0x00000000c4300000, 0x00000000eab00000)
  object space 68608K, 4% used [0x00000000c0000000,0x00000000c034bf80,0x00000000c4300000)
 Metaspace       used 21060K, committed 21504K, reserved 1073152K
  class space    used 2146K, committed 2368K, reserved 1048576K
}
Event: 9.328 GC heap after
{Heap after GC invocations=5 (full 1):
 PSYoungGen      total 29696K, used 0K [0x00000000eab00000, 0x00000000ecc00000, 0x0000000100000000)
  eden space 25600K, 0% used [0x00000000eab00000,0x00000000eab00000,0x00000000ec400000)
  from space 4096K, 0% used [0x00000000ec800000,0x00000000ec800000,0x00000000ecc00000)
  to   space 4096K, 0% used [0x00000000ec400000,0x00000000ec400000,0x00000000ec800000)
 ParOldGen       total 68608K, used 7350K [0x00000000c0000000, 0x00000000c4300000, 0x00000000eab00000)
  object space 68608K, 10% used [0x00000000c0000000,0x00000000c072d838,0x00000000c4300000)
 Metaspace       used 21047K, committed 21504K, reserved 1073152K
  class space    used 2143K, committed 2368K, reserved 1048576K
}
Event: 10.975 GC heap before
{Heap before GC invocations=6 (full 1):
 PSYoungGen      total 29696K, used 25600K [0x00000000eab00000, 0x00000000ecc00000, 0x0000000100000000)
  eden space 25600K, 100% used [0x00000000eab00000,0x00000000ec400000,0x00000000ec400000)
  from space 4096K, 0% used [0x00000000ec800000,0x00000000ec800000,0x00000000ecc00000)
  to   space 4096K, 0% used [0x00000000ec400000,0x00000000ec400000,0x00000000ec800000)
 ParOldGen       total 68608K, used 7350K [0x00000000c0000000, 0x00000000c4300000, 0x00000000eab00000)
  object space 68608K, 10% used [0x00000000c0000000,0x00000000c072d838,0x00000000c4300000)
 Metaspace       used 24601K, committed 25088K, reserved 1073152K
  class space    used 2394K, committed 2624K, reserved 1048576K
}
Event: 10.978 GC heap after
{Heap after GC invocations=6 (full 1):
 PSYoungGen      total 25600K, used 256K [0x00000000eab00000, 0x00000000ec880000, 0x0000000100000000)
  eden space 25088K, 0% used [0x00000000eab00000,0x00000000eab00000,0x00000000ec380000)
  from space 512K, 50% used [0x00000000ec400000,0x00000000ec440000,0x00000000ec480000)
  to   space 2048K, 0% used [0x00000000ec680000,0x00000000ec680000,0x00000000ec880000)
 ParOldGen       total 68608K, used 7358K [0x00000000c0000000, 0x00000000c4300000, 0x00000000eab00000)
  object space 68608K, 10% used [0x00000000c0000000,0x00000000c072f838,0x00000000c4300000)
 Metaspace       used 24601K, committed 25088K, reserved 1073152K
  class space    used 2394K, committed 2624K, reserved 1048576K
}
Event: 14.257 GC heap before
{Heap before GC invocations=7 (full 1):
 PSYoungGen      total 25600K, used 25344K [0x00000000eab00000, 0x00000000ec880000, 0x0000000100000000)
  eden space 25088K, 100% used [0x00000000eab00000,0x00000000ec380000,0x00000000ec380000)
  from space 512K, 50% used [0x00000000ec400000,0x00000000ec440000,0x00000000ec480000)
  to   space 2048K, 0% used [0x00000000ec680000,0x00000000ec680000,0x00000000ec880000)
 ParOldGen       total 68608K, used 7358K [0x00000000c0000000, 0x00000000c4300000, 0x00000000eab00000)
  object space 68608K, 10% used [0x00000000c0000000,0x00000000c072f838,0x00000000c4300000)
 Metaspace       used 27649K, committed 28160K, reserved 1081344K
  class space    used 2663K, committed 2880K, reserved 1048576K
}
Event: 14.259 GC heap after
{Heap after GC invocations=7 (full 1):
 PSYoungGen      total 25600K, used 891K [0x00000000eab00000, 0x00000000ec780000, 0x0000000100000000)
  eden space 24576K, 0% used [0x00000000eab00000,0x00000000eab00000,0x00000000ec300000)
  from space 1024K, 87% used [0x00000000ec680000,0x00000000ec75ef38,0x00000000ec780000)
  to   space 1536K, 0% used [0x00000000ec480000,0x00000000ec480000,0x00000000ec600000)
 ParOldGen       total 68608K, used 7366K [0x00000000c0000000, 0x00000000c4300000, 0x00000000eab00000)
  object space 68608K, 10% used [0x00000000c0000000,0x00000000c0731838,0x00000000c4300000)
 Metaspace       used 27649K, committed 28160K, reserved 1081344K
  class space    used 2663K, committed 2880K, reserved 1048576K
}
Event: 16.972 GC heap before
{Heap before GC invocations=8 (full 1):
 PSYoungGen      total 25600K, used 25467K [0x00000000eab00000, 0x00000000ec780000, 0x0000000100000000)
  eden space 24576K, 100% used [0x00000000eab00000,0x00000000ec300000,0x00000000ec300000)
  from space 1024K, 87% used [0x00000000ec680000,0x00000000ec75ef38,0x00000000ec780000)
  to   space 1536K, 0% used [0x00000000ec480000,0x00000000ec480000,0x00000000ec600000)
 ParOldGen       total 68608K, used 7366K [0x00000000c0000000, 0x00000000c4300000, 0x00000000eab00000)
  object space 68608K, 10% used [0x00000000c0000000,0x00000000c0731838,0x00000000c4300000)
 Metaspace       used 31970K, committed 32512K, reserved 1081344K
  class space    used 3218K, committed 3456K, reserved 1048576K
}
Event: 16.976 GC heap after
{Heap after GC invocations=8 (full 1):
 PSYoungGen      total 25600K, used 1521K [0x00000000eab00000, 0x00000000ec780000, 0x0000000100000000)
  eden space 24064K, 0% used [0x00000000eab00000,0x00000000eab00000,0x00000000ec280000)
  from space 1536K, 99% used [0x00000000ec480000,0x00000000ec5fc6d0,0x00000000ec600000)
  to   space 1536K, 0% used [0x00000000ec600000,0x00000000ec600000,0x00000000ec780000)
 ParOldGen       total 68608K, used 8030K [0x00000000c0000000, 0x00000000c4300000, 0x00000000eab00000)
  object space 68608K, 11% used [0x00000000c0000000,0x00000000c07d78a8,0x00000000c4300000)
 Metaspace       used 31970K, committed 32512K, reserved 1081344K
  class space    used 3218K, committed 3456K, reserved 1048576K
}
Event: 18.874 GC heap before
{Heap before GC invocations=9 (full 1):
 PSYoungGen      total 25600K, used 25585K [0x00000000eab00000, 0x00000000ec780000, 0x0000000100000000)
  eden space 24064K, 100% used [0x00000000eab00000,0x00000000ec280000,0x00000000ec280000)
  from space 1536K, 99% used [0x00000000ec480000,0x00000000ec5fc6d0,0x00000000ec600000)
  to   space 1536K, 0% used [0x00000000ec600000,0x00000000ec600000,0x00000000ec780000)
 ParOldGen       total 68608K, used 8030K [0x00000000c0000000, 0x00000000c4300000, 0x00000000eab00000)
  object space 68608K, 11% used [0x00000000c0000000,0x00000000c07d78a8,0x00000000c4300000)
 Metaspace       used 33778K, committed 34432K, reserved 1081344K
  class space    used 3415K, committed 3712K, reserved 1048576K
}
Event: 18.882 GC heap after
{Heap after GC invocations=9 (full 1):
 PSYoungGen      total 22528K, used 1507K [0x00000000eab00000, 0x00000000ecf00000, 0x0000000100000000)
  eden space 20992K, 0% used [0x00000000eab00000,0x00000000eab00000,0x00000000ebf80000)
  from space 1536K, 98% used [0x00000000ec600000,0x00000000ec778cc8,0x00000000ec780000)
  to   space 6656K, 0% used [0x00000000ebf80000,0x00000000ebf80000,0x00000000ec600000)
 ParOldGen       total 68608K, used 12179K [0x00000000c0000000, 0x00000000c4300000, 0x00000000eab00000)
  object space 68608K, 17% used [0x00000000c0000000,0x00000000c0be4c00,0x00000000c4300000)
 Metaspace       used 33778K, committed 34432K, reserved 1081344K
  class space    used 3415K, committed 3712K, reserved 1048576K
}
Event: 20.577 GC heap before
{Heap before GC invocations=10 (full 1):
 PSYoungGen      total 22528K, used 22491K [0x00000000eab00000, 0x00000000ecf00000, 0x0000000100000000)
  eden space 20992K, 99% used [0x00000000eab00000,0x00000000ebf7e2f8,0x00000000ebf80000)
  from space 1536K, 98% used [0x00000000ec600000,0x00000000ec778cc8,0x00000000ec780000)
  to   space 6656K, 0% used [0x00000000ebf80000,0x00000000ebf80000,0x00000000ec600000)
 ParOldGen       total 68608K, used 12179K [0x00000000c0000000, 0x00000000c4300000, 0x00000000eab00000)
  object space 68608K, 17% used [0x00000000c0000000,0x00000000c0be4c00,0x00000000c4300000)
 Metaspace       used 35039K, committed 35712K, reserved 1081344K
  class space    used 3566K, committed 3840K, reserved 1048576K
}
Event: 20.585 GC heap after
{Heap after GC invocations=10 (full 1):
 PSYoungGen      total 25600K, used 4299K [0x00000000eab00000, 0x00000000ec980000, 0x0000000100000000)
  eden space 20992K, 0% used [0x00000000eab00000,0x00000000eab00000,0x00000000ebf80000)
  from space 4608K, 93% used [0x00000000ebf80000,0x00000000ec3b2ce8,0x00000000ec400000)
  to   space 5120K, 0% used [0x00000000ec480000,0x00000000ec480000,0x00000000ec980000)
 ParOldGen       total 68608K, used 12493K [0x00000000c0000000, 0x00000000c4300000, 0x00000000eab00000)
  object space 68608K, 18% used [0x00000000c0000000,0x00000000c0c33638,0x00000000c4300000)
 Metaspace       used 35039K, committed 35712K, reserved 1081344K
  class space    used 3566K, committed 3840K, reserved 1048576K
}
Event: 20.663 GC heap before
{Heap before GC invocations=11 (full 1):
 PSYoungGen      total 25600K, used 5656K [0x00000000eab00000, 0x00000000ec980000, 0x0000000100000000)
  eden space 20992K, 6% used [0x00000000eab00000,0x00000000eac53498,0x00000000ebf80000)
  from space 4608K, 93% used [0x00000000ebf80000,0x00000000ec3b2ce8,0x00000000ec400000)
  to   space 5120K, 0% used [0x00000000ec480000,0x00000000ec480000,0x00000000ec980000)
 ParOldGen       total 68608K, used 12493K [0x00000000c0000000, 0x00000000c4300000, 0x00000000eab00000)
  object space 68608K, 18% used [0x00000000c0000000,0x00000000c0c33638,0x00000000c4300000)
 Metaspace       used 35196K, committed 35840K, reserved 1081344K
  class space    used 3581K, committed 3840K, reserved 1048576K
}
Event: 20.671 GC heap after
{Heap after GC invocations=11 (full 1):
 PSYoungGen      total 24576K, used 3212K [0x00000000eab00000, 0x00000000ec800000, 0x0000000100000000)
  eden space 20992K, 0% used [0x00000000eab00000,0x00000000eab00000,0x00000000ebf80000)
  from space 3584K, 89% used [0x00000000ec480000,0x00000000ec7a32b8,0x00000000ec800000)
  to   space 4096K, 0% used [0x00000000ec000000,0x00000000ec000000,0x00000000ec400000)
 ParOldGen       total 68608K, used 13608K [0x00000000c0000000, 0x00000000c4300000, 0x00000000eab00000)
  object space 68608K, 19% used [0x00000000c0000000,0x00000000c0d4a100,0x00000000c4300000)
 Metaspace       used 35196K, committed 35840K, reserved 1081344K
  class space    used 3581K, committed 3840K, reserved 1048576K
}
Event: 20.671 GC heap before
{Heap before GC invocations=12 (full 2):
 PSYoungGen      total 24576K, used 3212K [0x00000000eab00000, 0x00000000ec800000, 0x0000000100000000)
  eden space 20992K, 0% used [0x00000000eab00000,0x00000000eab00000,0x00000000ebf80000)
  from space 3584K, 89% used [0x00000000ec480000,0x00000000ec7a32b8,0x00000000ec800000)
  to   space 4096K, 0% used [0x00000000ec000000,0x00000000ec000000,0x00000000ec400000)
 ParOldGen       total 68608K, used 13608K [0x00000000c0000000, 0x00000000c4300000, 0x00000000eab00000)
  object space 68608K, 19% used [0x00000000c0000000,0x00000000c0d4a100,0x00000000c4300000)
 Metaspace       used 35196K, committed 35840K, reserved 1081344K
  class space    used 3581K, committed 3840K, reserved 1048576K
}
Event: 20.769 GC heap after
{Heap after GC invocations=12 (full 2):
 PSYoungGen      total 24576K, used 0K [0x00000000eab00000, 0x00000000ec800000, 0x0000000100000000)
  eden space 20992K, 0% used [0x00000000eab00000,0x00000000eab00000,0x00000000ebf80000)
  from space 3584K, 0% used [0x00000000ec480000,0x00000000ec480000,0x00000000ec800000)
  to   space 4096K, 0% used [0x00000000ec000000,0x00000000ec000000,0x00000000ec400000)
 ParOldGen       total 68608K, used 14445K [0x00000000c0000000, 0x00000000c4300000, 0x00000000eab00000)
  object space 68608K, 21% used [0x00000000c0000000,0x00000000c0e1b678,0x00000000c4300000)
 Metaspace       used 35196K, committed 35840K, reserved 1081344K
  class space    used 3581K, committed 3840K, reserved 1048576K
}
Event: 23.417 GC heap before
{Heap before GC invocations=13 (full 2):
 PSYoungGen      total 24576K, used 20992K [0x00000000eab00000, 0x00000000ec800000, 0x0000000100000000)
  eden space 20992K, 100% used [0x00000000eab00000,0x00000000ebf80000,0x00000000ebf80000)
  from space 3584K, 0% used [0x00000000ec480000,0x00000000ec480000,0x00000000ec800000)
  to   space 4096K, 0% used [0x00000000ec000000,0x00000000ec000000,0x00000000ec400000)
 ParOldGen       total 68608K, used 14445K [0x00000000c0000000, 0x00000000c4300000, 0x00000000eab00000)
  object space 68608K, 21% used [0x00000000c0000000,0x00000000c0e1b678,0x00000000c4300000)
 Metaspace       used 37167K, committed 37888K, reserved 1089536K
  class space    used 3794K, committed 4096K, reserved 1048576K
}
Event: 23.420 GC heap after
{Heap after GC invocations=13 (full 2):
 PSYoungGen      total 22016K, used 615K [0x00000000eab00000, 0x00000000ec500000, 0x0000000100000000)
  eden space 20992K, 0% used [0x00000000eab00000,0x00000000eab00000,0x00000000ebf80000)
  from space 1024K, 60% used [0x00000000ec000000,0x00000000ec099c40,0x00000000ec100000)
  to   space 2048K, 0% used [0x00000000ec300000,0x00000000ec300000,0x00000000ec500000)
 ParOldGen       total 68608K, used 14453K [0x00000000c0000000, 0x00000000c4300000, 0x00000000eab00000)
  object space 68608K, 21% used [0x00000000c0000000,0x00000000c0e1d678,0x00000000c4300000)
 Metaspace       used 37167K, committed 37888K, reserved 1089536K
  class space    used 3794K, committed 4096K, reserved 1048576K
}
Event: 26.340 GC heap before
{Heap before GC invocations=14 (full 2):
 PSYoungGen      total 22016K, used 21607K [0x00000000eab00000, 0x00000000ec500000, 0x0000000100000000)
  eden space 20992K, 100% used [0x00000000eab00000,0x00000000ebf80000,0x00000000ebf80000)
  from space 1024K, 60% used [0x00000000ec000000,0x00000000ec099c40,0x00000000ec100000)
  to   space 2048K, 0% used [0x00000000ec300000,0x00000000ec300000,0x00000000ec500000)
 ParOldGen       total 68608K, used 14453K [0x00000000c0000000, 0x00000000c4300000, 0x00000000eab00000)
  object space 68608K, 21% used [0x00000000c0000000,0x00000000c0e1d678,0x00000000c4300000)
 Metaspace       used 38413K, committed 39040K, reserved 1089536K
  class space    used 3894K, committed 4160K, reserved 1048576K
}
Event: 26.342 GC heap after
{Heap after GC invocations=14 (full 2):
 PSYoungGen      total 22016K, used 1014K [0x00000000eab00000, 0x00000000ec400000, 0x0000000100000000)
  eden space 20992K, 0% used [0x00000000eab00000,0x00000000eab00000,0x00000000ebf80000)
  from space 1024K, 99% used [0x00000000ec300000,0x00000000ec3fda78,0x00000000ec400000)
  to   space 1536K, 0% used [0x00000000ec100000,0x00000000ec100000,0x00000000ec280000)
 ParOldGen       total 68608K, used 14907K [0x00000000c0000000, 0x00000000c4300000, 0x00000000eab00000)
  object space 68608K, 21% used [0x00000000c0000000,0x00000000c0e8efe8,0x00000000c4300000)
 Metaspace       used 38413K, committed 39040K, reserved 1089536K
  class space    used 3894K, committed 4160K, reserved 1048576K
}

